<?xml version="1.0" encoding="UTF-8"?>
<robot generator="Robot 4.0.3 (Python 3.9.5 on win32)" generated="20210726 11:15:12.930" rpa="false" schemaversion="2">
<suite id="s1" name="TC TS01 GC" source="C:\gitprojects\TestScripts\Tests\Authentication\Timesheets\TC_TS01_GC.robot">
<test id="s1-t1" name="reject the approved timesheet">
<kw name="commonsetup" library="common" type="SETUP">
<kw name="Open Browser" library="SeleniumLibrary">
<arg>${prod}</arg>
<arg>${Chrome}</arg>
<doc>Opens a new browser instance to the optional ``url``.</doc>
<msg timestamp="20210726 11:15:13.637" level="INFO">Opening browser 'gc' to base url 'https://workforce.flairtechno.com/login'.</msg>
<status status="PASS" starttime="20210726 11:15:13.636" endtime="20210726 11:15:16.197"/>
</kw>
<kw name="Sleep" library="BuiltIn">
<arg>5s</arg>
<doc>Pauses the test executed for the given time.</doc>
<msg timestamp="20210726 11:15:21.198" level="INFO">Slept 5 seconds</msg>
<status status="PASS" starttime="20210726 11:15:16.197" endtime="20210726 11:15:21.198"/>
</kw>
<kw name="Maximize Browser Window" library="SeleniumLibrary">
<doc>Maximizes current browser window.</doc>
<status status="PASS" starttime="20210726 11:15:21.198" endtime="20210726 11:15:21.334"/>
</kw>
<kw name="Sleep" library="BuiltIn">
<arg>5s</arg>
<doc>Pauses the test executed for the given time.</doc>
<msg timestamp="20210726 11:15:26.350" level="INFO">Slept 5 seconds</msg>
<status status="PASS" starttime="20210726 11:15:21.334" endtime="20210726 11:15:26.350"/>
</kw>
<status status="PASS" starttime="20210726 11:15:13.636" endtime="20210726 11:15:26.350"/>
</kw>
<kw name="Set Selenium Speed" library="SeleniumLibrary">
<arg>3s</arg>
<doc>Sets the delay that is waited after each Selenium command.</doc>
<status status="PASS" starttime="20210726 11:15:26.350" endtime="20210726 11:15:26.350"/>
</kw>
<kw name="this test case is to test reject the approved timesheets" library="keywords">
<kw name="Input Text" library="SeleniumLibrary">
<arg>${email}</arg>
<arg>${admin_Login}[Email]</arg>
<doc>Types the given ``text`` into the text field identified by ``locator``.</doc>
<msg timestamp="20210726 11:15:26.350" level="INFO">Typing text 'admin@flair.com' into text field '//*[@id="email"]'.</msg>
<status status="PASS" starttime="20210726 11:15:26.350" endtime="20210726 11:15:35.694"/>
</kw>
<kw name="Input Password" library="SeleniumLibrary">
<arg>${pwd}</arg>
<arg>${admin_Login}[Password]</arg>
<doc>Types the given password into the text field identified by ``locator``.</doc>
<msg timestamp="20210726 11:15:35.694" level="INFO">Typing password into text field '//*[@id="password"]'.</msg>
<msg timestamp="20210726 11:15:41.807" level="INFO">Temporally setting log level to: NONE</msg>
<msg timestamp="20210726 11:15:45.016" level="INFO">Log level changed from NONE to INFO.</msg>
<status status="PASS" starttime="20210726 11:15:35.694" endtime="20210726 11:15:45.016"/>
</kw>
<kw name="Click Element" library="SeleniumLibrary">
<arg>${submit}</arg>
<doc>Click the element identified by ``locator``.</doc>
<msg timestamp="20210726 11:15:45.016" level="INFO">Clicking element '//*[@id="root"]/div/div/main/div[2]/div/form/button'.</msg>
<status status="PASS" starttime="20210726 11:15:45.016" endtime="20210726 11:15:51.189"/>
</kw>
<kw name="Sleep" library="BuiltIn">
<arg>7s</arg>
<doc>Pauses the test executed for the given time.</doc>
<msg timestamp="20210726 11:15:58.192" level="INFO">Slept 7 seconds</msg>
<status status="PASS" starttime="20210726 11:15:51.189" endtime="20210726 11:15:58.192"/>
</kw>
<kw name="Click Element" library="SeleniumLibrary">
<arg>${flairTec}</arg>
<doc>Click the element identified by ``locator``.</doc>
<msg timestamp="20210726 11:15:58.192" level="INFO">Clicking element '//*[@id="root"]/div/div/div/div/main/div/div/div[3]/div/button'.</msg>
<status status="PASS" starttime="20210726 11:15:58.192" endtime="20210726 11:16:07.300"/>
</kw>
<kw name="Sleep" library="BuiltIn">
<arg>3s</arg>
<doc>Pauses the test executed for the given time.</doc>
<msg timestamp="20210726 11:16:10.307" level="INFO">Slept 3 seconds</msg>
<status status="PASS" starttime="20210726 11:16:07.301" endtime="20210726 11:16:10.307"/>
</kw>
<kw name="Click Element" library="SeleniumLibrary">
<arg>${timesheet_icon}</arg>
<doc>Click the element identified by ``locator``.</doc>
<msg timestamp="20210726 11:16:10.307" level="INFO">Clicking element '//*[@id="root"]/div/div/div/div/a[2]/li'.</msg>
<status status="PASS" starttime="20210726 11:16:10.307" endtime="20210726 11:16:16.867"/>
</kw>
<kw name="Sleep" library="BuiltIn">
<arg>5s</arg>
<doc>Pauses the test executed for the given time.</doc>
<msg timestamp="20210726 11:16:21.872" level="INFO">Slept 5 seconds</msg>
<status status="PASS" starttime="20210726 11:16:16.868" endtime="20210726 11:16:21.872"/>
</kw>
<kw name="Click Element" library="SeleniumLibrary">
<arg>${timesheet_adminapprovetab}</arg>
<doc>Click the element identified by ``locator``.</doc>
<msg timestamp="20210726 11:16:21.872" level="INFO">Clicking element '//*[@id="root"]/div/div/main/div[2]/div/div/div/div/div[2]/div/div/div/button[2]'.</msg>
<status status="PASS" starttime="20210726 11:16:21.872" endtime="20210726 11:16:28.396"/>
</kw>
<kw name="Click Element" library="SeleniumLibrary">
<arg>${timesheet_approverejicon}</arg>
<doc>Click the element identified by ``locator``.</doc>
<msg timestamp="20210726 11:16:28.397" level="INFO">Clicking element '//*[@id="simple-tabpanel-1"]/div/p/div/div/div/div[2]/div/div/div/table/tbody/tr[2]/td[12]/div/div[2]/div/button'.</msg>
<status status="PASS" starttime="20210726 11:16:28.396" endtime="20210726 11:16:34.727"/>
</kw>
<kw name="Input Text" library="SeleniumLibrary">
<arg>${timesheet_apprejcomment}</arg>
<arg>check</arg>
<doc>Types the given ``text`` into the text field identified by ``locator``.</doc>
<msg timestamp="20210726 11:16:34.728" level="INFO">Typing text 'check' into text field '//html/body/div[9]/div[3]/div/div[2]/div/div/div/div[3]/div[1]'.</msg>
<status status="PASS" starttime="20210726 11:16:34.728" endtime="20210726 11:16:44.040"/>
</kw>
<kw name="Click Element" library="SeleniumLibrary">
<arg>${timesheet_approverejbutt}</arg>
<doc>Click the element identified by ``locator``.</doc>
<msg timestamp="20210726 11:16:44.040" level="INFO">Clicking element '//html/body/div[9]/div[3]/div/div[3]/button'.</msg>
<status status="PASS" starttime="20210726 11:16:44.040" endtime="20210726 11:16:50.263"/>
</kw>
<kw name="Wait Until Page Contains" library="SeleniumLibrary">
<arg>Timesheet rejected successfully</arg>
<doc>Waits until ``text`` appears on the current page.</doc>
<status status="PASS" starttime="20210726 11:16:50.263" endtime="20210726 11:16:53.346"/>
</kw>
<status status="PASS" starttime="20210726 11:15:26.350" endtime="20210726 11:16:53.346"/>
</kw>
<kw name="commonteardown" library="common" type="TEARDOWN">
<kw name="Sleep" library="BuiltIn">
<arg>5s</arg>
<doc>Pauses the test executed for the given time.</doc>
<msg timestamp="20210726 11:16:58.354" level="INFO">Slept 5 seconds</msg>
<status status="PASS" starttime="20210726 11:16:53.346" endtime="20210726 11:16:58.354"/>
</kw>
<kw name="Close Browser" library="SeleniumLibrary">
<doc>Closes the current browser.</doc>
<status status="PASS" starttime="20210726 11:16:58.354" endtime="20210726 11:17:03.592"/>
</kw>
<status status="PASS" starttime="20210726 11:16:53.346" endtime="20210726 11:17:03.593"/>
</kw>
<doc>this test case is to test reject the approved timesheets</doc>
<status status="PASS" starttime="20210726 11:15:13.635" endtime="20210726 11:17:03.594"/>
</test>
<doc>This test case is to test the create timesheets</doc>
<status status="PASS" starttime="20210726 11:15:12.940" endtime="20210726 11:17:03.608"/>
</suite>
<statistics>
<total>
<stat pass="1" fail="0" skip="0">All Tests</stat>
</total>
<tag>
</tag>
<suite>
<stat pass="1" fail="0" skip="0" id="s1" name="TC TS01 GC">TC TS01 GC</stat>
</suite>
</statistics>
<errors>
<msg timestamp="20210726 11:15:13.455" level="ERROR">Error in file 'C:\gitprojects\TestScripts\Globalvariables\xpath.robot' on line 344: Setting variable '${ wiki search' failed: Invalid variable name '${ wiki search'.</msg>
<msg timestamp="20210726 11:15:13.456" level="ERROR">Error in file 'C:\gitprojects\TestScripts\Globalvariables\xpath.robot' on line 348: Setting variable '${ wiki comment button} //*[@id="root"]/div/div/main/div[2]/div/div/div/div[1]/div[3]/div/div/div/div/div[1]/form/button/span[1]' failed: Invalid variable name '${ wiki comment button} //*[@id="root"]/div/div/main/div[2]/div/div/div/div[1]/div[3]/div/div/div/div/div[1]/form/button/span[1]'.</msg>
<msg timestamp="20210726 11:15:13.457" level="ERROR">Error in file 'C:\gitprojects\TestScripts\Globalvariables\xpath.robot' on line 350: Setting variable '${ wiki comments 2} //*[@id="root"]/div/div/main/div[2]/div/div/div/div[1]/div[3]/div/div/div/div/div[1]/form/div/div/div[3]/div[1]/p' failed: Invalid variable name '${ wiki comments 2} //*[@id="root"]/div/div/main/div[2]/div/div/div/div[1]/div[3]/div/div/div/div/div[1]/form/div/div/div[3]/div[1]/p'.</msg>
<msg timestamp="20210726 11:15:13.458" level="ERROR">Error in file 'C:\gitprojects\TestScripts\Globalvariables\xpath.robot' on line 354: Setting variable '${wiki edit article } //*[@id="root"]/div/div/main/div[2]/div/div/div/div[2]/div/div[10]/div[1]/a/button/span[1]/svg' failed: Invalid variable name '${wiki edit article } //*[@id="root"]/div/div/main/div[2]/div/div/div/div[2]/div/div[10]/div[1]/a/button/span[1]/svg'.</msg>
<msg timestamp="20210726 11:15:13.459" level="ERROR">Error in file 'C:\gitprojects\TestScripts\Globalvariables\xpath.robot' on line 355: Setting variable '${ wiki edit choose catogry button} //*[@id="root"]/div/div/main/div[2]/div/div/div/div[2]/div/main/div/form/div[1]/div[2]/div/div/div/div/button[2]/span[1]/svg' failed: Invalid variable name '${ wiki edit choose catogry button} //*[@id="root"]/div/div/main/div[2]/div/div/div/div[2]/div/main/div/form/div[1]/div[2]/div/div/div/div/button[2]/span[1]/svg'.</msg>
</errors>
</robot>
